<?xml version="1.0" encoding="UTF-8"?>
<!-- Generated by org.testng.reporters.JUnitReportReporter -->
<testsuite hostname="DESKTOP-8OTI7EM" failures="0" tests="1" name="com.seleniumEasy.Test.HomePageNameVerification" time="1.583" errors="0" timestamp="2021-06-15T14:08:14 IST" skipped="0">
  <testcase classname="com.seleniumEasy.Test.HomePageNameVerification" name="homeVerification" time="1.583"/>
  <system-out/>
</testsuite> <!-- com.seleniumEasy.Test.HomePageNameVerification -->
