<?xml version="1.0" encoding="UTF-8"?>
<!-- Generated by org.testng.reporters.JUnitReportReporter -->
<testsuite hostname="DESKTOP-8OTI7EM" failures="0" tests="1" name="com.seleniumEasy.Test.TotalNumberOfDataInTable" time="2.623" errors="0" timestamp="2021-06-12T15:36:51 IST" skipped="0">
  <testcase classname="com.seleniumEasy.Test.TotalNumberOfDataInTable" name="dataVerification" time="2.623"/>
  <system-out/>
</testsuite> <!-- com.seleniumEasy.Test.TotalNumberOfDataInTable -->
