<?xml version="1.0" encoding="UTF-8"?>
<!-- Generated by org.testng.reporters.JUnitReportReporter -->
<testsuite hostname="DESKTOP-8OTI7EM" failures="0" tests="2" name="com.seleniumEasy.Test.TablePageVerifications" time="7.713" errors="0" timestamp="2021-06-15T14:08:14 IST" skipped="0">
  <testcase classname="com.seleniumEasy.Test.TablePageVerifications" name="filterByTaskVerification" time="4.787"/>
  <system-out/>
  <testcase classname="com.seleniumEasy.Test.TablePageVerifications" name="dataVerification" time="2.926"/>
  <system-out/>
</testsuite> <!-- com.seleniumEasy.Test.TablePageVerifications -->
