<?xml version="1.0" encoding="UTF-8"?>
<!-- Generated by org.testng.reporters.JUnitReportReporter -->
<testsuite hostname="DESKTOP-8OTI7EM" failures="0" tests="1" name="com.seleniumEasy.Test.Testcase" time="0.138" errors="0" timestamp="2021-06-10T14:30:39 IST" skipped="0">
  <testcase classname="com.seleniumEasy.Test.Testcase" name="homeVerification" time="0.138"/>
  <system-out/>
</testsuite> <!-- com.seleniumEasy.Test.Testcase -->
